<?xml version="1.0" encoding="UTF-8" ?>
<testsuite failures="0" time="0.059" errors="0" skipped="10" tests="10" name="edu.cdu.fptincds.alg.AlgorithmUtilTest">
  <properties>
[...]
</properties>
  <testcase time="0" classname="edu.cdu.fptincds.alg.AlgorithmUtilTest" name="testAddElementToList">
    <skipped/>
  </testcase>
  <testcase time="0.002" classname="edu.cdu.fptincds.alg.AlgorithmUtilTest" name="testGetDecFromBinArray">
    <skipped/>
  </testcase>
  <testcase time="0.002" classname="edu.cdu.fptincds.alg.AlgorithmUtilTest" name="testIsDS">
    <skipped/>
  </testcase>
  <testcase time="0.002" classname="edu.cdu.fptincds.alg.AlgorithmUtilTest" name="testArrayOr">
    <skipped/>
  </testcase>
  <testcase time="0.002" classname="edu.cdu.fptincds.alg.AlgorithmUtilTest" name="testHEdit_400">
    <skipped/>
  </testcase>
  <testcase time="0.002" classname="edu.cdu.fptincds.alg.AlgorithmUtilTest" name="testHEdit_600">
    <skipped/>
  </testcase>
  <testcase time="0.003" classname="edu.cdu.fptincds.alg.AlgorithmUtilTest" name="testGenerateRandGraph_100_03">
    <skipped/>
  </testcase>
  <testcase time="0.003" classname="edu.cdu.fptincds.alg.AlgorithmUtilTest" name="testGenerateRandGraph_50_01">
    <skipped/>
  </testcase>
  <testcase time="0.003" classname="edu.cdu.fptincds.alg.AlgorithmUtilTest" name="testGenerateRandGraph_50_03">
    <skipped/>
  </testcase>
  <testcase time="0.003" classname="edu.cdu.fptincds.alg.AlgorithmUtilTest" name="testHEdit_1000">
    <skipped/>
  </testcase>
</testsuite>